{
  "stats": {
    "suites": 1,
    "tests": 1,
    "passes": 1,
    "pending": 0,
    "failures": 0,
    "start": "2024-08-14T17:10:57.117Z",
    "end": "2024-08-14T17:11:06.140Z",
    "duration": 9023,
    "testsRegistered": 1,
    "passPercent": 100,
    "pendingPercent": 0,
    "other": 0,
    "hasOther": false,
    "skipped": 0,
    "hasSkipped": false
  },
  "results": [
    {
      "uuid": "5d08b7a8-35f8-464c-bf19-d446e8c97a4e",
      "title": "",
      "fullFile": "cypress\\e2e\\intercept.cy.js",
      "file": "cypress\\e2e\\intercept.cy.js",
      "beforeHooks": [],
      "afterHooks": [],
      "tests": [],
      "suites": [
        {
          "uuid": "62dbd218-89d6-4aa0-b799-15220f09e4d0",
          "title": "Teste de",
          "fullFile": "",
          "file": "",
          "beforeHooks": [],
          "afterHooks": [],
          "tests": [
            {
              "title": "Teste de intercept",
              "fullTitle": "Teste de Teste de intercept",
              "timedOut": null,
              "duration": 8783,
              "state": "passed",
              "speed": "medium",
              "pass": true,
              "fail": false,
              "pending": false,
              "context": null,
              "code": "// Interceptar a requisição e responder com o arquivo de fixture\ncy.intercept('GET', 'http://lojaebac.ebaconline.art.br/public/getProducts?limit=10&skip=0', {\n  fixture: 'products2.json'\n}).as('getProducts');\n// Visitar a página que faz a requisição\ncy.visit('/');\n// Esperar pela requisição interceptada\ncy.wait('@getProducts');\n// Adicionar um produto ao carrinho\nhomePage.addProdutoCarrinho();\n// Confirmar que o produto foi adicionado ao carrinho\nhomePage.confirmarCompra().should('have.length.greaterThan', 0);",
              "err": {},
              "uuid": "8aeb53d2-113d-4e46-ab87-8bb5cfe878a4",
              "parentUUID": "62dbd218-89d6-4aa0-b799-15220f09e4d0",
              "isHook": false,
              "skipped": false
            }
          ],
          "suites": [],
          "passes": [
            "8aeb53d2-113d-4e46-ab87-8bb5cfe878a4"
          ],
          "failures": [],
          "pending": [],
          "skipped": [],
          "duration": 8783,
          "root": false,
          "rootEmpty": false,
          "_timeout": 2000
        }
      ],
      "passes": [],
      "failures": [],
      "pending": [],
      "skipped": [],
      "duration": 0,
      "root": true,
      "rootEmpty": true,
      "_timeout": 2000
    }
  ],
  "meta": {
    "mocha": {
      "version": "7.0.1"
    },
    "mochawesome": {
      "options": {
        "quiet": false,
        "reportFilename": "mochawesome",
        "saveHtml": true,
        "saveJson": true,
        "consoleReporter": "spec",
        "useInlineDiffs": false,
        "code": true
      },
      "version": "7.1.3"
    },
    "marge": {
      "options": {
        "reportFileName": "[name]-result",
        "html": true
      },
      "version": "6.2.0"
    }
  }
}